2024-09-18 12:13:53,913 - INFO - Loading data from file...
2024-09-18 12:13:53,941 - INFO - Data loaded with shape (10950, 8)
2024-09-18 12:13:54,038 - INFO - Plotting weekly sales...
2024-09-18 12:13:54,438 - INFO - Plotting monthly sales...
2024-09-18 12:13:54,859 - INFO - Performing seasonal decomposition...
2024-09-18 12:13:56,372 - INFO - Plotting ACF and PACF...
2024-09-18 12:13:56,814 - INFO - Plotting rolling statistics...
2024-09-18 12:13:57,114 - INFO - Plotting average sales by day of week...
2024-09-18 12:13:57,296 - INFO - Adding holiday column...
2024-09-18 12:13:57,396 - INFO - Plotting sales distribution: Holiday vs Non-Holiday...
2024-09-18 12:13:57,569 - INFO - Printing summary statistics...
2024-09-18 12:13:57,620 - INFO - Plotting holiday effect...
2024-09-18 12:13:57,813 - INFO - Plotting promo effect over time...
2024-09-18 12:13:58,178 - INFO - Plotting store type performance over time...
2024-09-18 12:15:13,644 - INFO - Loading data from file...
2024-09-18 12:15:13,671 - INFO - Data loaded with shape (10950, 8)
2024-09-18 12:15:13,743 - INFO - Plotting weekly sales...
2024-09-18 12:15:14,148 - INFO - Plotting monthly sales...
2024-09-18 12:15:14,446 - INFO - Performing seasonal decomposition...
2024-09-18 12:15:15,863 - INFO - Plotting ACF and PACF...
2024-09-18 12:15:16,333 - INFO - Plotting rolling statistics...
2024-09-18 12:15:16,712 - INFO - Plotting average sales by day of week...
2024-09-18 12:15:16,931 - INFO - Adding holiday column...
2024-09-18 12:15:17,027 - INFO - Plotting sales distribution: Holiday vs Non-Holiday...
2024-09-18 12:15:17,213 - INFO - Printing summary statistics...
2024-09-18 12:15:17,272 - INFO - Plotting holiday effect...
2024-09-18 12:15:17,520 - INFO - Plotting promo effect over time...
2024-09-18 12:15:17,841 - INFO - Plotting store type performance over time...
2024-09-18 12:15:18,233 - INFO - Plotting cumulative sales over time...
2024-09-18 12:15:18,621 - INFO - Plotting daily sales growth rate...
2024-09-18 12:15:18,958 - INFO - Cleaning data by removing specific features...
2024-09-18 12:15:18,992 - INFO - Data cleaned. Remaining columns: ['Store', 'Store_Type', 'Store_Status', 'Promo', 'Promo2', 'School_Holiday', 'Customers', 'Sales', 'DayOfWeek', 'is_holiday']
2024-09-18 12:15:18,992 - INFO - Performing correlation analysis...
2024-09-18 12:15:19,531 - INFO - Correlations with Sales:
2024-09-18 12:15:19,531 - INFO - Promo             0.888812
Customers         0.243039
Store_Status      0.220830
Store             0.032167
School_Holiday    0.027882
DayOfWeek         0.011325
Promo2            0.008017
is_holiday        0.002346
Name: Sales, dtype: float64
2024-09-18 12:16:01,455 - INFO - Loading data from file...
2024-09-18 12:16:01,455 - ERROR - Error loading data: [Errno 2] No such file or directory: '../data/synthetic_sales_data.csv '
2024-09-18 12:16:08,525 - INFO - Loading data from file...
2024-09-18 12:16:08,526 - ERROR - Error loading data: [Errno 2] No such file or directory: '..../data/synthetic_sales_data.csv '
2024-09-18 12:16:20,517 - INFO - Loading data from file...
2024-09-18 12:16:20,517 - ERROR - Error loading data: [Errno 2] No such file or directory: 'synthetic_sales_data.csv '
2024-09-18 12:16:27,972 - INFO - Loading data from file...
2024-09-18 12:16:27,988 - INFO - Data loaded with shape (10950, 8)
2024-09-18 12:17:25,972 - INFO - Plotting weekly sales...
2024-09-18 12:19:46,669 - INFO - Plotting weekly sales...
2024-09-18 14:47:44,967 - INFO - Loading data from file...
2024-09-18 14:47:45,999 - INFO - Data loaded with shape (10950, 8)
2024-09-18 14:47:48,661 - INFO - Plotting weekly sales...
2024-09-18 14:47:53,838 - INFO - Plotting monthly sales...
